<?xml version="1.0" encoding="UTF-8"?>
<!-- Generated by org.testng.reporters.JUnitXMLReporter -->
<testsuite ignored="0" hostname="LAPTOP-9HTIP2U6" failures="2" tests="2" name="FirefoxTest" time="17.966" errors="0" timestamp="2023-09-16T23:18:00 IST">
  <testcase classname="test.LoginTest" name="MethodLoginTest" time="17.902">
    <failure type="java.lang.AssertionError" message="expected [Paul Coullings] but found [Aniket ani]">
      <![CDATA[java.lang.AssertionError: expected [Paul Coullings] but found [Aniket ani]
at test.LoginTest.MethodLoginTest(LoginTest.java:47)
at java.base/java.util.ArrayList.forEach(ArrayList.java:1511)
... Removed 33 stack frames]]>
    </failure>
  </testcase> <!-- MethodLoginTest -->
  <testcase classname="test.LoginTest" name="Method_Fail_1" time="0.002">
    <failure type="java.lang.AssertionError" message="Test case failed">
      <![CDATA[java.lang.AssertionError: Test case failed
at test.LoginTest.Method_Fail_1(LoginTest.java:53)
at java.base/java.util.ArrayList.forEach(ArrayList.java:1511)
... Removed 28 stack frames]]>
    </failure>
  </testcase> <!-- Method_Fail_1 -->
</testsuite> <!-- FirefoxTest -->
